Arguments: 
  /usr/local/bin/node /usr/local/bin/yarn

PATH: 
  /Users/sandylcruz/.rbenv/shims:/usr/local/bin:/usr/bin:/bin:/usr/sbin:/sbin:/usr/texbin:/opt/ImageMagick/bin:/usr/local/git/bin:/Applications/Postgres.app/Contents/Versions/latest/bin:/Users/sandylcruz/.rbenv/shims

Yarn version: 
  1.22.10

Node version: 
  14.15.5

Platform: 
  darwin x64

Trace: 
  SyntaxError: /Users/sandylcruz/Code/access-it/demo/package.json: Unexpected end of JSON input
      at JSON.parse (<anonymous>)
      at /usr/local/lib/node_modules/yarn/lib/cli.js:1625:59
      at Generator.next (<anonymous>)
      at step (/usr/local/lib/node_modules/yarn/lib/cli.js:310:30)
      at /usr/local/lib/node_modules/yarn/lib/cli.js:321:13

npm manifest: 
  {
    "name": "access-it",
    "version": "1.0.0",
    "description": "Collection of accessible components",
    "main": "src/index.js",
    "repository": "git@github.com:sandylcruz/access-it.git",
    "author": "Sandy Cruz <sandyleahcruz@icloud.com>",
    "license": "MIT",
    "private": true,
    "workspaces": [
      "demo",
      "src"
    ]
  }

yarn manifest: 
  No manifest

Lockfile: 
  No lockfile
